Release 14.4 - xst P.49d (lin)
Copyright (c) 1995-2012 Xilinx, Inc.  All rights reserved.
--> 
Parameter TMPDIR set to xst/projnav.tmp


Total REAL time to Xst completion: 0.00 secs
Total CPU time to Xst completion: 0.09 secs
 
--> 
Parameter xsthdpdir set to xst


Total REAL time to Xst completion: 0.00 secs
Total CPU time to Xst completion: 0.09 secs
 
--> 
Reading design: MiniAlu.prj

TABLE OF CONTENTS
  1) Synthesis Options Summary
  2) HDL Compilation
  3) Design Hierarchy Analysis
  4) HDL Analysis
  5) HDL Synthesis
     5.1) HDL Synthesis Report
  6) Advanced HDL Synthesis
     6.1) Advanced HDL Synthesis Report
  7) Low Level Synthesis
  8) Partition Report
  9) Final Report
	9.1) Device utilization summary
	9.2) Partition Resource Summary
	9.3) TIMING REPORT


=========================================================================
*                      Synthesis Options Summary                        *
=========================================================================
---- Source Parameters
Input File Name                    : "MiniAlu.prj"
Input Format                       : mixed
Ignore Synthesis Constraint File   : NO

---- Target Parameters
Output File Name                   : "MiniAlu"
Output Format                      : NGC
Target Device                      : xc3s500e-4-fg320

---- Source Options
Top Module Name                    : MiniAlu
Automatic FSM Extraction           : YES
FSM Encoding Algorithm             : Auto
Safe Implementation                : No
FSM Style                          : LUT
RAM Extraction                     : Yes
RAM Style                          : Auto
ROM Extraction                     : Yes
Mux Style                          : Auto
Decoder Extraction                 : YES
Priority Encoder Extraction        : Yes
Shift Register Extraction          : YES
Logical Shifter Extraction         : YES
XOR Collapsing                     : YES
ROM Style                          : Auto
Mux Extraction                     : Yes
Resource Sharing                   : YES
Asynchronous To Synchronous        : NO
Multiplier Style                   : Auto
Automatic Register Balancing       : No

---- Target Options
Add IO Buffers                     : YES
Global Maximum Fanout              : 500
Add Generic Clock Buffer(BUFG)     : 24
Register Duplication               : YES
Slice Packing                      : YES
Optimize Instantiated Primitives   : NO
Use Clock Enable                   : Yes
Use Synchronous Set                : Yes
Use Synchronous Reset              : Yes
Pack IO Registers into IOBs        : Auto
Equivalent register Removal        : YES

---- General Options
Optimization Goal                  : Speed
Optimization Effort                : 1
Keep Hierarchy                     : No
Netlist Hierarchy                  : As_Optimized
RTL Output                         : Yes
Global Optimization                : AllClockNets
Read Cores                         : YES
Write Timing Constraints           : NO
Cross Clock Analysis               : NO
Hierarchy Separator                : /
Bus Delimiter                      : <>
Case Specifier                     : Maintain
Slice Utilization Ratio            : 100
BRAM Utilization Ratio             : 100
Verilog 2001                       : YES
Auto BRAM Packing                  : NO
Slice Utilization Ratio Delta      : 5

=========================================================================


=========================================================================
*                          HDL Compilation                              *
=========================================================================
Compiling verilog file "inputs/RAM.v" in library work
Compiling verilog file "inputs/Module_ROM.v" in library work
Compiling verilog include file "inputs/Defintions.v"
Module <RAM_DUAL_READ_PORT> compiled
Compiling verilog file "inputs/LUT_MULT.v" in library work
Module <ROM> compiled
Module <TWO_BITS_LUT_MULT> compiled
Module <FOUR_BITS_LUT_MULT> compiled
Module <EIGHT_BITS_LUT_MULT> compiled
Compiling verilog file "inputs/Collaterals.v" in library work
Module <LUT_MULT> compiled
Module <UPCOUNTER_POSEDGE> compiled
Compiling verilog file "inputs/MiniAlu.v" in library work
Compiling verilog include file "inputs/Defintions.v"
Module <FFD_POSEDGE_SYNCRONOUS_RESET> compiled
Module <MiniAlu> compiled
No errors in compilation
Analysis of file <"MiniAlu.prj"> succeeded.
 

=========================================================================
*                     Design Hierarchy Analysis                         *
=========================================================================
Analyzing hierarchy for module <MiniAlu> in library <work>.

Analyzing hierarchy for module <ROM> in library <work>.

Analyzing hierarchy for module <RAM_DUAL_READ_PORT> in library <work> with parameters.
	ADDR_WIDTH = "00000000000000000000000000001000"
	DATA_WIDTH = "00000000000000000000000000010000"
	MEM_SIZE = "00000000000000000000000000001000"

Analyzing hierarchy for module <UPCOUNTER_POSEDGE> in library <work> with parameters.
	SIZE = "00000000000000000000000000010000"

Analyzing hierarchy for module <FFD_POSEDGE_SYNCRONOUS_RESET> in library <work> with parameters.
	SIZE = "00000000000000000000000000000100"

Analyzing hierarchy for module <FFD_POSEDGE_SYNCRONOUS_RESET> in library <work> with parameters.
	SIZE = "00000000000000000000000000001000"

Analyzing hierarchy for module <LUT_MULT> in library <work>.

Analyzing hierarchy for module <EIGHT_BITS_LUT_MULT> in library <work>.

Analyzing hierarchy for module <FOUR_BITS_LUT_MULT> in library <work>.

Analyzing hierarchy for module <TWO_BITS_LUT_MULT> in library <work>.


=========================================================================
*                            HDL Analysis                               *
=========================================================================
Analyzing top module <MiniAlu>.
Module <MiniAlu> is correct for synthesis.
 
Analyzing module <ROM> in library <work>.
Module <ROM> is correct for synthesis.
 
Analyzing module <RAM_DUAL_READ_PORT> in library <work>.
	ADDR_WIDTH = 32'sb00000000000000000000000000001000
	DATA_WIDTH = 32'sb00000000000000000000000000010000
	MEM_SIZE = 32'sb00000000000000000000000000001000
INFO:Xst:1433 - Contents of array <Ram> may be accessed with an index that exceeds the array size. This could cause simulation mismatch.
INFO:Xst:1433 - Contents of array <Ram> may be accessed with an index that exceeds the array size. This could cause simulation mismatch.
INFO:Xst:1433 - Contents of array <Ram> may be accessed with an index that exceeds the array size. This could cause simulation mismatch.
Module <RAM_DUAL_READ_PORT> is correct for synthesis.
 
Analyzing module <UPCOUNTER_POSEDGE> in library <work>.
	SIZE = 32'sb00000000000000000000000000010000
Module <UPCOUNTER_POSEDGE> is correct for synthesis.
 
Analyzing module <FFD_POSEDGE_SYNCRONOUS_RESET.1> in library <work>.
	SIZE = 32'sb00000000000000000000000000000100
Module <FFD_POSEDGE_SYNCRONOUS_RESET.1> is correct for synthesis.
 
Analyzing module <FFD_POSEDGE_SYNCRONOUS_RESET.2> in library <work>.
	SIZE = 32'sb00000000000000000000000000001000
Module <FFD_POSEDGE_SYNCRONOUS_RESET.2> is correct for synthesis.
 
Analyzing module <LUT_MULT> in library <work>.
Module <LUT_MULT> is correct for synthesis.
 
Analyzing module <EIGHT_BITS_LUT_MULT> in library <work>.
Module <EIGHT_BITS_LUT_MULT> is correct for synthesis.
 
Analyzing module <FOUR_BITS_LUT_MULT> in library <work>.
Module <FOUR_BITS_LUT_MULT> is correct for synthesis.
 
Analyzing module <TWO_BITS_LUT_MULT> in library <work>.
Module <TWO_BITS_LUT_MULT> is correct for synthesis.
 

=========================================================================
*                           HDL Synthesis                               *
=========================================================================

Performing bidirectional port resolution...

Synthesizing Unit <ROM>.
    Related source file is "inputs/Module_ROM.v".
Unit <ROM> synthesized.


Synthesizing Unit <RAM_DUAL_READ_PORT>.
    Related source file is "inputs/RAM.v".
    Found 8x16-bit dual-port RAM <Mram_Ram> for signal <Ram>.
    Found 8x16-bit dual-port RAM <Mram_Ram_ren> for signal <Ram>.
    Found 16-bit register for signal <oDataOut0>.
    Found 16-bit register for signal <oDataOut1>.
    Found 8-bit comparator equal for signal <oDataOut0$cmp_eq0000> created at line 23.
    Found 8-bit comparator equal for signal <oDataOut1$cmp_eq0000> created at line 24.
    Summary:
	inferred   2 RAM(s).
	inferred  32 D-type flip-flop(s).
	inferred   2 Comparator(s).
Unit <RAM_DUAL_READ_PORT> synthesized.


Synthesizing Unit <UPCOUNTER_POSEDGE>.
    Related source file is "inputs/Collaterals.v".
    Found 16-bit up counter for signal <Q>.
    Summary:
	inferred   1 Counter(s).
Unit <UPCOUNTER_POSEDGE> synthesized.


Synthesizing Unit <FFD_POSEDGE_SYNCRONOUS_RESET_1>.
    Related source file is "inputs/Collaterals.v".
    Found 4-bit register for signal <Q>.
    Summary:
	inferred   4 D-type flip-flop(s).
Unit <FFD_POSEDGE_SYNCRONOUS_RESET_1> synthesized.


Synthesizing Unit <FFD_POSEDGE_SYNCRONOUS_RESET_2>.
    Related source file is "inputs/Collaterals.v".
    Found 8-bit register for signal <Q>.
    Summary:
	inferred   8 D-type flip-flop(s).
Unit <FFD_POSEDGE_SYNCRONOUS_RESET_2> synthesized.


Synthesizing Unit <TWO_BITS_LUT_MULT>.
    Related source file is "inputs/LUT_MULT.v".
    Found 16-bit 4-to-1 multiplexer for signal <oPartial_Result>.
    Found 16-bit adder for signal <oPartial_Result$addsub0000> created at line 18.
    Summary:
	inferred   1 Adder/Subtractor(s).
	inferred  16 Multiplexer(s).
Unit <TWO_BITS_LUT_MULT> synthesized.


Synthesizing Unit <FOUR_BITS_LUT_MULT>.
    Related source file is "inputs/LUT_MULT.v".
WARNING:Xst:646 - Signal <higher_bits_result<15:14>> is assigned but never used. This unconnected signal will be trimmed during the optimization process.
    Found 16-bit adder for signal <oPartial_Result>.
    Summary:
	inferred   1 Adder/Subtractor(s).
Unit <FOUR_BITS_LUT_MULT> synthesized.


Synthesizing Unit <EIGHT_BITS_LUT_MULT>.
    Related source file is "inputs/LUT_MULT.v".
WARNING:Xst:646 - Signal <higher_bits_result<15:12>> is assigned but never used. This unconnected signal will be trimmed during the optimization process.
    Found 16-bit adder for signal <oPartial_Result>.
    Summary:
	inferred   1 Adder/Subtractor(s).
Unit <EIGHT_BITS_LUT_MULT> synthesized.


Synthesizing Unit <LUT_MULT>.
    Related source file is "inputs/LUT_MULT.v".
WARNING:Xst:646 - Signal <higher_bits_result<15:8>> is assigned but never used. This unconnected signal will be trimmed during the optimization process.
    Found 16-bit adder for signal <oResult>.
    Summary:
	inferred   1 Adder/Subtractor(s).
Unit <LUT_MULT> synthesized.


Synthesizing Unit <MiniAlu>.
    Related source file is "inputs/MiniAlu.v".
WARNING:Xst:643 - "inputs/MiniAlu.v" line 222: The result of a 16x16-bit multiplication is partially used. Only the 16 least significant bits are used. If you are doing this on purpose, you may safely ignore this warning. Otherwise, make sure you are not losing information, leading to unexpected circuit behavior.
WARNING:Xst:643 - "inputs/MiniAlu.v" line 231: The result of a 16x16-bit multiplication is partially used. Only the 16 least significant bits are used. If you are doing this on purpose, you may safely ignore this warning. Otherwise, make sure you are not losing information, leading to unexpected circuit behavior.
    Found 16x1-bit ROM for signal <rFFLedEN>.
    Found 1-bit adder carry out for signal <add0000$addsub0000> created at line 122.
    Found 1-bit adder carry out for signal <add0001$addsub0000> created at line 122.
    Found 1-bit adder carry out for signal <add0002$addsub0000> created at line 123.
    Found 1-bit adder carry out for signal <add0003$addsub0000> created at line 123.
    Found 1-bit adder carry out for signal <add0004$addsub0000> created at line 123.
    Found 1-bit adder carry out for signal <add0005$addsub0000> created at line 124.
    Found 1-bit adder carry out for signal <add0006$addsub0000> created at line 124.
    Found 1-bit adder carry out for signal <add0007$addsub0000> created at line 125.
    Found 1-bit adder carry out for signal <COND_1$addsub0000>.
    Found 1-bit adder carry out for signal <COND_10$addsub0000>.
    Found 1-bit adder carry out for signal <COND_12$addsub0000>.
    Found 1-bit adder carry out for signal <COND_4$addsub0000>.
    Found 1-bit adder carry out for signal <COND_6$addsub0000>.
    Found 1-bit adder carry out for signal <COND_8$addsub0000>.
    Found 16-bit comparator lessequal for signal <rBranchTaken$cmp_le0000> created at line 190.
    Found 16x16-bit multiplier for signal <rResult$mult0002> created at line 222.
    Found 16x16-bit multiplier for signal <rResult$mult0003> created at line 231.
    Found 16-bit adder for signal <wAddSubResult>.
    Found 16-bit adder for signal <wSourceData0_tmp$addsub0000> created at line 104.
    Summary:
	inferred   1 ROM(s).
	inferred  17 Adder/Subtractor(s).
	inferred   2 Multiplier(s).
	inferred   1 Comparator(s).
Unit <MiniAlu> synthesized.


=========================================================================
HDL Synthesis Report

Macro Statistics
# RAMs                                                 : 2
 8x16-bit dual-port RAM                                : 2
# ROMs                                                 : 1
 16x1-bit ROM                                          : 1
# Multipliers                                          : 2
 16x16-bit multiplier                                  : 2
# Adders/Subtractors                                   : 32
 1-bit adder carry out                                 : 14
 16-bit adder                                          : 18
# Counters                                             : 1
 16-bit up counter                                     : 1
# Registers                                            : 7
 16-bit register                                       : 2
 4-bit register                                        : 1
 8-bit register                                        : 4
# Comparators                                          : 3
 16-bit comparator lessequal                           : 1
 8-bit comparator equal                                : 2
# Multiplexers                                         : 8
 16-bit 4-to-1 multiplexer                             : 8

=========================================================================

=========================================================================
*                       Advanced HDL Synthesis                          *
=========================================================================

WARNING:Xst:1710 - FF/Latch <Q_7> (without init value) has a constant value of 0 in block <FFD4>. This FF/Latch will be trimmed during the optimization process.
WARNING:Xst:1710 - FF/Latch <Q_6> (without init value) has a constant value of 0 in block <FFD4>. This FF/Latch will be trimmed during the optimization process.
WARNING:Xst:1710 - FF/Latch <Q_5> (without init value) has a constant value of 0 in block <FFD4>. This FF/Latch will be trimmed during the optimization process.
WARNING:Xst:1710 - FF/Latch <Q_4> (without init value) has a constant value of 0 in block <FFD4>. This FF/Latch will be trimmed during the optimization process.
WARNING:Xst:1710 - FF/Latch <Q_3> (without init value) has a constant value of 0 in block <FFD4>. This FF/Latch will be trimmed during the optimization process.
WARNING:Xst:1710 - FF/Latch <Q_2> (without init value) has a constant value of 0 in block <FFD4>. This FF/Latch will be trimmed during the optimization process.
WARNING:Xst:1710 - FF/Latch <Q_7> (without init value) has a constant value of 0 in block <FFD3>. This FF/Latch will be trimmed during the optimization process.
WARNING:Xst:1710 - FF/Latch <Q_6> (without init value) has a constant value of 0 in block <FFD3>. This FF/Latch will be trimmed during the optimization process.
WARNING:Xst:1710 - FF/Latch <Q_5> (without init value) has a constant value of 0 in block <FFD3>. This FF/Latch will be trimmed during the optimization process.
WARNING:Xst:1710 - FF/Latch <Q_4> (without init value) has a constant value of 0 in block <FFD3>. This FF/Latch will be trimmed during the optimization process.
WARNING:Xst:1710 - FF/Latch <Q_3> (without init value) has a constant value of 0 in block <FFD3>. This FF/Latch will be trimmed during the optimization process.
WARNING:Xst:1710 - FF/Latch <Q_2> (without init value) has a constant value of 0 in block <FFD3>. This FF/Latch will be trimmed during the optimization process.
WARNING:Xst:1710 - FF/Latch <Q_1> (without init value) has a constant value of 0 in block <FFD3>. This FF/Latch will be trimmed during the optimization process.
WARNING:Xst:1710 - FF/Latch <Q_6> (without init value) has a constant value of 0 in block <FFD2>. This FF/Latch will be trimmed during the optimization process.
WARNING:Xst:1710 - FF/Latch <Q_4> (without init value) has a constant value of 0 in block <FFD2>. This FF/Latch will be trimmed during the optimization process.
WARNING:Xst:1710 - FF/Latch <Q_2> (without init value) has a constant value of 0 in block <FFD2>. This FF/Latch will be trimmed during the optimization process.
WARNING:Xst:1710 - FF/Latch <Q_3> (without init value) has a constant value of 0 in block <FFD1>. This FF/Latch will be trimmed during the optimization process.

Synthesizing (advanced) Unit <MiniAlu>.
	Found pipelined multiplier on signal <rResult_mult0002>:
		- 1 pipeline level(s) found in a register on signal <wSourceData1>.
		Pushing register(s) into the multiplier macro.

		- 1 pipeline level(s) found in a register on signal <wSourceData0>.
		Pushing register(s) into the multiplier macro.
	Found pipelined multiplier on signal <rResult_mult0003>:
		- 1 pipeline level(s) found in a register on signal <wSourceData1>.
		Pushing register(s) into the multiplier macro.

		- 1 pipeline level(s) found in a register on signal <wSourceData0>.
		Pushing register(s) into the multiplier macro.
INFO:Xst:3231 - The small RAM <DataRam/Mram_Ram_ren> will be implemented on LUTs in order to maximize performance and save block RAM resources. If you want to force its implementation on block, use option/constraint ram_style.
    -----------------------------------------------------------------------
    | ram_type           | Distributed                         |          |
    -----------------------------------------------------------------------
    | Port A                                                              |
    |     aspect ratio   | 8-word x 16-bit                     |          |
    |     clkA           | connected to signal <Clock>         | rise     |
    |     weA            | connected to signal <rWriteEnable>  | high     |
    |     addrA          | connected to signal <wDestination>  |          |
    |     diA            | connected to signal <rResult>       |          |
    -----------------------------------------------------------------------
    | Port B                                                              |
    |     aspect ratio   | 8-word x 16-bit                     |          |
    |     addrB          | connected to signal <wInstruction>  |          |
    |     doB            | connected to internal node          |          |
    -----------------------------------------------------------------------
INFO:Xst:3231 - The small RAM <DataRam/Mram_Ram> will be implemented on LUTs in order to maximize performance and save block RAM resources. If you want to force its implementation on block, use option/constraint ram_style.
    -----------------------------------------------------------------------
    | ram_type           | Distributed                         |          |
    -----------------------------------------------------------------------
    | Port A                                                              |
    |     aspect ratio   | 8-word x 16-bit                     |          |
    |     clkA           | connected to signal <Clock>         | rise     |
    |     weA            | connected to signal <rWriteEnable>  | high     |
    |     addrA          | connected to signal <wDestination>  |          |
    |     diA            | connected to signal <rResult>       |          |
    -----------------------------------------------------------------------
    | Port B                                                              |
    |     aspect ratio   | 8-word x 16-bit                     |          |
    |     addrB          | connected to signal <wInstruction>  |          |
    |     doB            | connected to internal node          |          |
    -----------------------------------------------------------------------
INFO:Xst:2385 - HDL ADVISOR - You can improve the performance of the multiplier Mmult_rResult_mult0002 by adding 1 register level(s).
INFO:Xst:2385 - HDL ADVISOR - You can improve the performance of the multiplier Mmult_rResult_mult0003 by adding 1 register level(s).
Unit <MiniAlu> synthesized (advanced).

=========================================================================
Advanced HDL Synthesis Report

Macro Statistics
# RAMs                                                 : 2
 8x16-bit dual-port distributed RAM                    : 2
# ROMs                                                 : 1
 16x1-bit ROM                                          : 1
# Multipliers                                          : 2
 16x16-bit registered multiplier                       : 2
# Adders/Subtractors                                   : 32
 1-bit adder carry out                                 : 14
 16-bit adder                                          : 18
# Counters                                             : 1
 16-bit up counter                                     : 1
# Registers                                            : 68
 Flip-Flops                                            : 68
# Comparators                                          : 3
 16-bit comparator lessequal                           : 1
 8-bit comparator equal                                : 2
# Multiplexers                                         : 8
 16-bit 4-to-1 multiplexer                             : 8

=========================================================================

=========================================================================
*                         Low Level Synthesis                           *
=========================================================================
WARNING:Xst:1710 - FF/Latch <FFD1/Q_3> (without init value) has a constant value of 0 in block <MiniAlu>. This FF/Latch will be trimmed during the optimization process.

Optimizing unit <MiniAlu> ...

Optimizing unit <FFD_POSEDGE_SYNCRONOUS_RESET_2> ...
WARNING:Xst:1710 - FF/Latch <FFD4/Q_7> (without init value) has a constant value of 0 in block <MiniAlu>. This FF/Latch will be trimmed during the optimization process.
WARNING:Xst:1895 - Due to other FF/Latch trimming, FF/Latch <FFD4/Q_6> (without init value) has a constant value of 0 in block <MiniAlu>. This FF/Latch will be trimmed during the optimization process.
WARNING:Xst:1895 - Due to other FF/Latch trimming, FF/Latch <FFD4/Q_5> (without init value) has a constant value of 0 in block <MiniAlu>. This FF/Latch will be trimmed during the optimization process.
WARNING:Xst:1895 - Due to other FF/Latch trimming, FF/Latch <FFD4/Q_4> (without init value) has a constant value of 0 in block <MiniAlu>. This FF/Latch will be trimmed during the optimization process.
WARNING:Xst:1895 - Due to other FF/Latch trimming, FF/Latch <FFD4/Q_3> (without init value) has a constant value of 0 in block <MiniAlu>. This FF/Latch will be trimmed during the optimization process.
WARNING:Xst:1895 - Due to other FF/Latch trimming, FF/Latch <FFD4/Q_2> (without init value) has a constant value of 0 in block <MiniAlu>. This FF/Latch will be trimmed during the optimization process.
WARNING:Xst:1895 - Due to other FF/Latch trimming, FF/Latch <FFD3/Q_7> (without init value) has a constant value of 0 in block <MiniAlu>. This FF/Latch will be trimmed during the optimization process.
WARNING:Xst:1895 - Due to other FF/Latch trimming, FF/Latch <FFD3/Q_6> (without init value) has a constant value of 0 in block <MiniAlu>. This FF/Latch will be trimmed during the optimization process.
WARNING:Xst:1895 - Due to other FF/Latch trimming, FF/Latch <FFD3/Q_5> (without init value) has a constant value of 0 in block <MiniAlu>. This FF/Latch will be trimmed during the optimization process.
WARNING:Xst:1895 - Due to other FF/Latch trimming, FF/Latch <FFD3/Q_4> (without init value) has a constant value of 0 in block <MiniAlu>. This FF/Latch will be trimmed during the optimization process.
WARNING:Xst:1895 - Due to other FF/Latch trimming, FF/Latch <FFD3/Q_3> (without init value) has a constant value of 0 in block <MiniAlu>. This FF/Latch will be trimmed during the optimization process.
WARNING:Xst:1895 - Due to other FF/Latch trimming, FF/Latch <FFD3/Q_2> (without init value) has a constant value of 0 in block <MiniAlu>. This FF/Latch will be trimmed during the optimization process.
WARNING:Xst:1895 - Due to other FF/Latch trimming, FF/Latch <FFD3/Q_1> (without init value) has a constant value of 0 in block <MiniAlu>. This FF/Latch will be trimmed during the optimization process.
WARNING:Xst:1895 - Due to other FF/Latch trimming, FF/Latch <FFD2/Q_6> (without init value) has a constant value of 0 in block <MiniAlu>. This FF/Latch will be trimmed during the optimization process.
WARNING:Xst:1895 - Due to other FF/Latch trimming, FF/Latch <FFD2/Q_4> (without init value) has a constant value of 0 in block <MiniAlu>. This FF/Latch will be trimmed during the optimization process.
WARNING:Xst:1895 - Due to other FF/Latch trimming, FF/Latch <FFD2/Q_2> (without init value) has a constant value of 0 in block <MiniAlu>. This FF/Latch will be trimmed during the optimization process.

Mapping all equations...
Building and optimizing final netlist ...
INFO:Xst:2261 - The FF/Latch <FFD2/Q_7> in Unit <MiniAlu> is equivalent to the following 3 FFs/Latches, which will be removed : <FFD2/Q_5> <FFD2/Q_3> <FFD2/Q_1> 
Found area constraint ratio of 100 (+ 5) on block MiniAlu, actual ratio is 1.

Final Macro Processing ...

=========================================================================
Final Register Report

Macro Statistics
# Registers                                            : 64
 Flip-Flops                                            : 64

=========================================================================

=========================================================================
*                           Partition Report                            *
=========================================================================

Partition Implementation Status
-------------------------------

  No Partitions were found in this design.

-------------------------------

=========================================================================
*                            Final Report                               *
=========================================================================
Final Results
RTL Top Level Output File Name     : MiniAlu.ngr
Top Level Output File Name         : MiniAlu
Output Format                      : NGC
Optimization Goal                  : Speed
Keep Hierarchy                     : No

Design Statistics
# IOs                              : 10

Cell Usage :
# BELS                             : 283
#      GND                         : 1
#      INV                         : 15
#      LUT1                        : 1
#      LUT2                        : 29
#      LUT2_D                      : 1
#      LUT2_L                      : 2
#      LUT3                        : 31
#      LUT3_D                      : 1
#      LUT4                        : 83
#      LUT4_D                      : 6
#      LUT4_L                      : 2
#      MUXCY                       : 61
#      MUXF5                       : 1
#      VCC                         : 1
#      XORCY                       : 48
# FlipFlops/Latches                : 64
#      FD                          : 48
#      FDR                         : 3
#      FDRE                        : 13
# RAMS                             : 32
#      RAM16X1D                    : 32
# Clock Buffers                    : 1
#      BUFGP                       : 1
# IO Buffers                       : 9
#      IBUF                        : 1
#      OBUF                        : 8
=========================================================================

Device utilization summary:
---------------------------

Selected Device : 3s500efg320-4 

 Number of Slices:                       90  out of   4656     1%  
 Number of Slice Flip Flops:             64  out of   9312     0%  
 Number of 4 input LUTs:                235  out of   9312     2%  
    Number used as logic:               171
    Number used as RAMs:                 64
 Number of IOs:                          10
 Number of bonded IOBs:                  10  out of    232     4%  
 Number of GCLKs:                         1  out of     24     4%  

---------------------------
Partition Resource Summary:
---------------------------

  No Partitions were found in this design.

---------------------------


=========================================================================
TIMING REPORT

NOTE: THESE TIMING NUMBERS ARE ONLY A SYNTHESIS ESTIMATE.
      FOR ACCURATE TIMING INFORMATION PLEASE REFER TO THE TRACE REPORT
      GENERATED AFTER PLACE-and-ROUTE.

Clock Information:
------------------
-----------------------------------+------------------------+-------+
Clock Signal                       | Clock buffer(FF name)  | Load  |
-----------------------------------+------------------------+-------+
Clock                              | BUFGP                  | 96    |
-----------------------------------+------------------------+-------+

Asynchronous Control Signals Information:
----------------------------------------
No asynchronous control signals found in this design

Timing Summary:
---------------
Speed Grade: -4

   Minimum period: 10.998ns (Maximum Frequency: 90.926MHz)
   Minimum input arrival time before clock: 7.385ns
   Maximum output required time after clock: 4.283ns
   Maximum combinational path delay: No path found

Timing Detail:
--------------
All values displayed in nanoseconds (ns)

=========================================================================
Timing constraint: Default period analysis for Clock 'Clock'
  Clock period: 10.998ns (frequency: 90.926MHz)
  Total number of paths / destination ports: 26057 / 248
-------------------------------------------------------------------------
Delay:               10.998ns (Levels of Logic = 21)
  Source:            DataRam/oDataOut0_0 (FF)
  Destination:       DataRam/oDataOut0_0 (FF)
  Source Clock:      Clock rising
  Destination Clock: Clock rising

  Data Path: DataRam/oDataOut0_0 to DataRam/oDataOut0_0
                                Gate     Net
    Cell:in->out      fanout   Delay   Delay  Logical Name (Net Name)
    ----------------------------------------  ------------
     FD:C->Q               3   0.591   0.706  DataRam/oDataOut0_0 (DataRam/oDataOut0_0)
     LUT2:I0->O            1   0.704   0.000  Mcompar_rBranchTaken_cmp_le0000_lut<0> (Mcompar_rBranchTaken_cmp_le0000_lut<0>)
     MUXCY:S->O            1   0.464   0.000  Mcompar_rBranchTaken_cmp_le0000_cy<0> (Mcompar_rBranchTaken_cmp_le0000_cy<0>)
     MUXCY:CI->O           1   0.059   0.000  Mcompar_rBranchTaken_cmp_le0000_cy<1> (Mcompar_rBranchTaken_cmp_le0000_cy<1>)
     MUXCY:CI->O           1   0.059   0.000  Mcompar_rBranchTaken_cmp_le0000_cy<2> (Mcompar_rBranchTaken_cmp_le0000_cy<2>)
     MUXCY:CI->O           1   0.059   0.000  Mcompar_rBranchTaken_cmp_le0000_cy<3> (Mcompar_rBranchTaken_cmp_le0000_cy<3>)
     MUXCY:CI->O           1   0.059   0.000  Mcompar_rBranchTaken_cmp_le0000_cy<4> (Mcompar_rBranchTaken_cmp_le0000_cy<4>)
     MUXCY:CI->O           1   0.059   0.000  Mcompar_rBranchTaken_cmp_le0000_cy<5> (Mcompar_rBranchTaken_cmp_le0000_cy<5>)
     MUXCY:CI->O           1   0.059   0.000  Mcompar_rBranchTaken_cmp_le0000_cy<6> (Mcompar_rBranchTaken_cmp_le0000_cy<6>)
     MUXCY:CI->O           1   0.059   0.000  Mcompar_rBranchTaken_cmp_le0000_cy<7> (Mcompar_rBranchTaken_cmp_le0000_cy<7>)
     MUXCY:CI->O           1   0.059   0.000  Mcompar_rBranchTaken_cmp_le0000_cy<8> (Mcompar_rBranchTaken_cmp_le0000_cy<8>)
     MUXCY:CI->O           1   0.059   0.000  Mcompar_rBranchTaken_cmp_le0000_cy<9> (Mcompar_rBranchTaken_cmp_le0000_cy<9>)
     MUXCY:CI->O           1   0.059   0.000  Mcompar_rBranchTaken_cmp_le0000_cy<10> (Mcompar_rBranchTaken_cmp_le0000_cy<10>)
     MUXCY:CI->O           1   0.059   0.000  Mcompar_rBranchTaken_cmp_le0000_cy<11> (Mcompar_rBranchTaken_cmp_le0000_cy<11>)
     MUXCY:CI->O           1   0.059   0.000  Mcompar_rBranchTaken_cmp_le0000_cy<12> (Mcompar_rBranchTaken_cmp_le0000_cy<12>)
     MUXCY:CI->O           1   0.059   0.000  Mcompar_rBranchTaken_cmp_le0000_cy<13> (Mcompar_rBranchTaken_cmp_le0000_cy<13>)
     MUXCY:CI->O           1   0.059   0.000  Mcompar_rBranchTaken_cmp_le0000_cy<14> (Mcompar_rBranchTaken_cmp_le0000_cy<14>)
     MUXCY:CI->O          14   0.459   1.004  Mcompar_rBranchTaken_cmp_le0000_cy<15> (rBranchTaken_cmp_le0000)
     LUT4:I3->O           12   0.704   0.961  rBranchTaken1 (rBranchTaken)
     MUXF5:S->O           18   0.739   1.072  InstructionRom/oInstruction<0>1 (wInstruction<0>)
     LUT4_D:I3->O         15   0.704   1.052  DataRam/oDataOut0_and0000 (DataRam/oDataOut0_and0000)
     LUT3:I2->O            1   0.704   0.000  DataRam/oDataOut0_mux0000<0>1 (DataRam/oDataOut0_mux0000<0>)
     FD:D                      0.308          DataRam/oDataOut0_0
    ----------------------------------------
    Total                     10.998ns (6.203ns logic, 4.795ns route)
                                       (56.4% logic, 43.6% route)

=========================================================================
Timing constraint: Default OFFSET IN BEFORE for Clock 'Clock'
  Total number of paths / destination ports: 351 / 69
-------------------------------------------------------------------------
Offset:              7.385ns (Levels of Logic = 5)
  Source:            Reset (PAD)
  Destination:       DataRam/oDataOut0_0 (FF)
  Destination Clock: Clock rising

  Data Path: Reset to DataRam/oDataOut0_0
                                Gate     Net
    Cell:in->out      fanout   Delay   Delay  Logical Name (Net Name)
    ----------------------------------------  ------------
     IBUF:I->O            48   1.218   1.302  Reset_IBUF (Reset_IBUF)
     LUT3:I2->O            1   0.704   0.000  InstructionRom/oInstruction<0>1_G (N85)
     MUXF5:I1->O          18   0.321   1.072  InstructionRom/oInstruction<0>1 (wInstruction<0>)
     LUT4_D:I3->O         15   0.704   1.052  DataRam/oDataOut0_and0000 (DataRam/oDataOut0_and0000)
     LUT3:I2->O            1   0.704   0.000  DataRam/oDataOut0_mux0000<0>1 (DataRam/oDataOut0_mux0000<0>)
     FD:D                      0.308          DataRam/oDataOut0_0
    ----------------------------------------
    Total                      7.385ns (3.959ns logic, 3.426ns route)
                                       (53.6% logic, 46.4% route)

=========================================================================
Timing constraint: Default OFFSET OUT AFTER for Clock 'Clock'
  Total number of paths / destination ports: 8 / 8
-------------------------------------------------------------------------
Offset:              4.283ns (Levels of Logic = 1)
  Source:            FF_LEDS/Q_7 (FF)
  Destination:       oLed<7> (PAD)
  Source Clock:      Clock rising

  Data Path: FF_LEDS/Q_7 to oLed<7>
                                Gate     Net
    Cell:in->out      fanout   Delay   Delay  Logical Name (Net Name)
    ----------------------------------------  ------------
     FDRE:C->Q             1   0.591   0.420  FF_LEDS/Q_7 (FF_LEDS/Q_7)
     OBUF:I->O                 3.272          oLed_7_OBUF (oLed<7>)
    ----------------------------------------
    Total                      4.283ns (3.863ns logic, 0.420ns route)
                                       (90.2% logic, 9.8% route)

=========================================================================


Total REAL time to Xst completion: 19.00 secs
Total CPU time to Xst completion: 16.19 secs
 
--> 


Total memory usage is 172380 kilobytes

Number of errors   :    0 (   0 filtered)
Number of warnings :   41 (   0 filtered)
Number of infos    :    8 (   0 filtered)

