ISim log file
Running: /home/efmelendezbo/Documents/labo_digitales/experimento_1/TestBench_isim_beh.exe -intstyle ise -gui -tclbatch isim.cmd -wdb /home/efmelendezbo/Documents/labo_digitales/experimento_1/TestBench_isim_beh.wdb 
ISim P.49d (signature 0xfbc00daa)
----------------------------------------------------------------------
INFO:Security:50 - The XILINXD_LICENSE_FILE environment variable is set to '2100@192.168.12.3:/opt/xlxsrvlic/'.
INFO:Security:52 - The LM_LICENSE_FILE environment variable is set to '1717@192.168.12.3:/opt/mgls_v9-6_6-3-0.ixl'.
WARNING:Security:43 - No license file was found in the standard Xilinx license directory.
WARNING:Security:44 - Since no license file was found,
       please run the Xilinx License Configuration Manager
       (xlcm or "Manage Xilinx Licenses")
       to assist in obtaining a license.
WARNING:Security:42 - Your software subscription period has lapsed. Your current version of Xilinx tools will continue to function, but you no longer qualify for Xilinx software updates or new releases.


----------------------------------------------------------------------
This is a Full version of ISim.
WARNING:  For instance uut/IP/, width 16 of formal port Initial is not equal to width 32 of actual constant.
WARNING: File "/home/efmelendezbo/Documents/labo_digitales/experimento_1/inputs/MiniAlu.v" Line 21.  For instance uut/FF_LEDS/, width 8 of formal port D is not equal to width 16 of actual signal wSourceData1.
Time resolution is 1 ps
# onerror resume
# wave add /
# run 1000 ns
Simulator is doing circuit initialization process.
Finished circuit initialization process.
# run 100.00us
# run 100.00us
ISim P.49d (signature 0xfbc00daa)
----------------------------------------------------------------------
INFO:Security:50 - The XILINXD_LICENSE_FILE environment variable is set to '2100@192.168.12.3:/opt/xlxsrvlic/'.
INFO:Security:52 - The LM_LICENSE_FILE environment variable is set to '1717@192.168.12.3:/opt/mgls_v9-6_6-3-0.ixl'.
WARNING:Security:43 - No license file was found in the standard Xilinx license directory.
WARNING:Security:44 - Since no license file was found,
       please run the Xilinx License Configuration Manager
       (xlcm or "Manage Xilinx Licenses")
       to assist in obtaining a license.
WARNING:Security:42 - Your software subscription period has lapsed. Your current version of Xilinx tools will continue to function, but you no longer qualify for Xilinx software updates or new releases.


----------------------------------------------------------------------
This is a Full version of ISim.
WARNING:  For instance uut/IP/, width 16 of formal port Initial is not equal to width 32 of actual constant.
WARNING: File "/home/efmelendezbo/Documents/labo_digitales/experimento_1/inputs/MiniAlu.v" Line 21.  For instance uut/FF_LEDS/, width 8 of formal port D is not equal to width 16 of actual signal wSourceData1.
# run 1000 ns
Simulator is doing circuit initialization process.
Finished circuit initialization process.
ISim P.49d (signature 0xfbc00daa)
----------------------------------------------------------------------
INFO:Security:50 - The XILINXD_LICENSE_FILE environment variable is set to '2100@192.168.12.3:/opt/xlxsrvlic/'.
INFO:Security:52 - The LM_LICENSE_FILE environment variable is set to '1717@192.168.12.3:/opt/mgls_v9-6_6-3-0.ixl'.
WARNING:Security:43 - No license file was found in the standard Xilinx license directory.
WARNING:Security:44 - Since no license file was found,
       please run the Xilinx License Configuration Manager
       (xlcm or "Manage Xilinx Licenses")
       to assist in obtaining a license.
WARNING:Security:42 - Your software subscription period has lapsed. Your current version of Xilinx tools will continue to function, but you no longer qualify for Xilinx software updates or new releases.


----------------------------------------------------------------------
This is a Full version of ISim.
WARNING:  For instance uut/IP/, width 16 of formal port Initial is not equal to width 32 of actual constant.
WARNING: File "/home/efmelendezbo/Documents/labo_digitales/experimento_1/inputs/MiniAlu.v" Line 21.  For instance uut/FF_LEDS/, width 8 of formal port D is not equal to width 16 of actual signal wSourceData1.
# run 1000 ns
Simulator is doing circuit initialization process.
Finished circuit initialization process.
